Arguments: 
  /usr/local/Cellar/node@12/12.19.0_1/bin/node /Users/alysonfs/.yarn/bin/yarn.js add bcrypt @types/bycript

PATH: 
  /usr/local/opt/openjdk/bin:/usr/local/opt/openssl@1.1/bin:/Users/alysonfs/.yarn/bin:/Users/alysonfs/.config/yarn/global/node_modules/.bin:/usr/local/opt/node@12/bin:/usr/local/opt/icu4c/bin:/usr/local/bin:/usr/bin:/bin:/usr/sbin:/sbin:/usr/local/go/bin:/usr/local/share/dotnet:~/.dotnet/tools:/Library/Apple/usr/bin:/usr/local/opt/openjdk/bin:/usr/local/opt/openssl@1.1/bin:/Users/alysonfs/.yarn/bin:/Users/alysonfs/.config/yarn/global/node_modules/.bin:/usr/local/opt/node@12/bin:/usr/local/opt/icu4c/bin:/Users/alysonfs/.zinit/polaris/sbin:/Users/alysonfs/.zinit/polaris/bin:/Users/alysonfs/.zinit/polaris/usr/sbin:/Users/alysonfs/.zinit/polaris/usr/bin:/Volumes/flash/dev/flutter/bin:/Volumes/flash/dev/flutter/bin

Yarn version: 
  1.22.5

Node version: 
  12.19.0

Platform: 
  darwin x64

Trace: 
  Error: https://registry.yarnpkg.com/@types%2fbycript: Not found
      at Request.params.callback [as _callback] (/Users/alysonfs/.yarn/lib/cli.js:66988:18)
      at Request.self.callback (/Users/alysonfs/.yarn/lib/cli.js:140749:22)
      at Request.emit (events.js:314:20)
      at Request.<anonymous> (/Users/alysonfs/.yarn/lib/cli.js:141721:10)
      at Request.emit (events.js:314:20)
      at IncomingMessage.<anonymous> (/Users/alysonfs/.yarn/lib/cli.js:141643:12)
      at Object.onceWrapper (events.js:420:28)
      at IncomingMessage.emit (events.js:326:22)
      at endReadableNT (_stream_readable.js:1223:12)
      at processTicksAndRejections (internal/process/task_queues.js:84:21)

npm manifest: 
  {
    "name": "password_create",
    "version": "1.0.0",
    "main": "index.js",
    "license": "MIT",
    "scripts": {
      "start": "node dist/index.js"
    },
    "devDependencies": {
      "@types/node": "^14.14.10",
      "typescript": "^4.1.2"
    }
  }

yarn manifest: 
  No manifest

Lockfile: 
  # THIS IS AN AUTOGENERATED FILE. DO NOT EDIT THIS FILE DIRECTLY.
  # yarn lockfile v1
  
  
  "@types/node@^14.14.10":
    version "14.14.10"
    resolved "https://registry.yarnpkg.com/@types/node/-/node-14.14.10.tgz#5958a82e41863cfc71f2307b3748e3491ba03785"
    integrity sha512-J32dgx2hw8vXrSbu4ZlVhn1Nm3GbeCFNw2FWL8S5QKucHGY0cyNwjdQdO+KMBZ4wpmC7KhLCiNsdk1RFRIYUQQ==
  
  typescript@^4.1.2:
    version "4.1.2"
    resolved "https://registry.yarnpkg.com/typescript/-/typescript-4.1.2.tgz#6369ef22516fe5e10304aae5a5c4862db55380e9"
    integrity sha512-thGloWsGH3SOxv1SoY7QojKi0tc+8FnOmiarEGMbd/lar7QOEd3hvlx3Fp5y6FlDUGl9L+pd4n2e+oToGMmhRQ==
